<?xml version="1.0" encoding="UTF-8"?>
<!-- Generated by org.testng.reporters.JUnitReportReporter -->
<testsuite hostname="SubhanPC" failures="0" tests="1" name="Runner.Heroku_Runner" time="9.151" errors="0" timestamp="2024-07-02T12:39:17 IST" skipped="0">
  <testcase classname="Runner.Heroku_Runner" name="runScenario" time="9.151"/>
</testsuite> <!-- Runner.Heroku_Runner -->
