<?xml version="1.0" encoding="UTF-8"?>
<!-- Generated by org.testng.reporters.JUnitReportReporter -->
<testsuite hostname="SubhanPC" failures="0" tests="1" name="Runner.Heroku_Runner" time="8.025" errors="0" timestamp="2024-07-02T17:06:36 IST" skipped="0">
  <testcase classname="Runner.Heroku_Runner" name="runScenario" time="8.025"/>
</testsuite> <!-- Runner.Heroku_Runner -->
